2025-08-21 15:46:43 | INFO | assembly_info_utils | fetch_wb_assembly_task_info | Получили статус запроса 200
2025-08-21 15:46:43 | INFO | assembly_info_utils | fetch_wb_assembly_task_info | Получили статус запроса 200
2025-08-21 15:46:43 | INFO | assembly_info_utils | fetch_wb_assembly_task_info | Получили статус запроса 200
2025-08-21 15:46:43 | INFO | assembly_info_utils | fetch_wb_assembly_task_info | Получили статус запроса 200
2025-08-21 15:46:43 | INFO | assembly_info_utils | fetch_wb_assembly_task_info | Получили статус запроса 200
2025-08-21 15:46:43 | INFO | assembly_info_utils | fetch_wb_assembly_task_info | Получили статус запроса 200
2025-08-21 15:46:43 | INFO | assembly_info_utils | fetch_wb_assembly_task_info | Получили статус запроса 200
2025-08-21 15:46:44 | INFO | assembly_info_utils | fetch_wb_assembly_task_info | Получили статус запроса 200
2025-08-21 15:46:44 | INFO | assembly_info_utils | fetch_wb_assembly_task_info | Получили статус запроса 200
2025-08-21 15:46:44 | INFO | assembly_info_utils | fetch_wb_assembly_task_info | Получили статус запроса 200
2025-08-21 15:46:44 | INFO | assembly_info_utils | fetch_wb_assembly_task_info | Получили статус запроса 200
2025-08-21 15:46:44 | INFO | assembly_info_utils | fetch_wb_assembly_task_info | Получили статус запроса 200
2025-08-21 15:46:44 | INFO | assembly_info_utils | fetch_wb_assembly_task_info | Получили статус запроса 200
2025-08-21 15:46:44 | INFO | assembly_info_utils | fetch_wb_assembly_task_info | Получили статус запроса 200
2025-08-21 15:46:44 | INFO | assembly_info_utils | fetch_wb_assembly_task_info | Получили статус запроса 200
2025-08-21 15:46:44 | INFO | assembly_info_utils | fetch_wb_assembly_task_info | Получили статус запроса 200
2025-08-21 15:46:44 | INFO | assembly_info_utils | fetch_wb_assembly_task_info | Получили статус запроса 200
2025-08-21 15:46:44 | INFO | assembly_info_utils | fetch_wb_assembly_task_info | Получили статус запроса 200
2025-08-21 15:46:45 | INFO | assembly_info_utils | fetch_wb_assembly_task_info | Получили статус запроса 200
2025-08-21 15:46:45 | INFO | assembly_info_utils | fetch_wb_assembly_task_info | Получили статус запроса 200
2025-08-21 15:46:45 | INFO | assembly_info_utils | fetch_wb_assembly_task_info | Получили статус запроса 429
2025-08-21 15:46:45 | ERROR | assembly_info_utils | fetch_wb_assembly_task_info | [Тоноян] Слишком много запросов. Ждём 60 секунд...
2025-08-21 15:46:45 | INFO | assembly_info_utils | fetch_wb_assembly_task_info | Получили статус запроса 200
2025-08-21 15:46:45 | INFO | assembly_info_utils | fetch_wb_assembly_task_info | Получили статус запроса 429
2025-08-21 15:46:45 | ERROR | assembly_info_utils | fetch_wb_assembly_task_info | [Даниелян] Слишком много запросов. Ждём 60 секунд...
2025-08-21 15:46:45 | INFO | assembly_info_utils | fetch_wb_assembly_task_info | Получили статус запроса 429
2025-08-21 15:46:45 | ERROR | assembly_info_utils | fetch_wb_assembly_task_info | [Вектор] Слишком много запросов. Ждём 60 секунд...
2025-08-21 15:46:45 | INFO | assembly_info_utils | fetch_wb_assembly_task_info | Получили статус запроса 200
2025-08-21 15:46:45 | INFO | assembly_info_utils | fetch_wb_assembly_task_info | Получили статус запроса 200
2025-08-21 15:46:45 | INFO | assembly_info_utils | fetch_wb_assembly_task_info | Получили статус запроса 200
2025-08-21 15:46:45 | INFO | assembly_info_utils | fetch_wb_assembly_task_info | Получили статус запроса 200
2025-08-21 15:46:45 | INFO | assembly_info_utils | fetch_wb_assembly_task_info | Получили статус запроса 200
2025-08-21 15:46:45 | INFO | assembly_info_utils | fetch_wb_assembly_task_info | Получили статус запроса 200
2025-08-21 15:46:46 | INFO | assembly_info_utils | fetch_wb_assembly_task_info | Получили статус запроса 200
2025-08-21 15:46:46 | INFO | assembly_info_utils | fetch_wb_assembly_task_info | Получили статус запроса 200
2025-08-21 15:46:46 | INFO | assembly_info_utils | fetch_wb_assembly_task_info | Получили статус запроса 200
2025-08-21 15:46:46 | INFO | assembly_info_utils | fetch_wb_assembly_task_info | Получили статус запроса 200
2025-08-21 15:46:46 | INFO | assembly_info_utils | fetch_wb_assembly_task_info | Получили статус запроса 200
2025-08-21 15:46:46 | INFO | assembly_info_utils | fetch_wb_assembly_task_info | Получили статус запроса 200
2025-08-21 15:46:46 | INFO | assembly_info_utils | fetch_wb_assembly_task_info | Получили статус запроса 200
2025-08-21 15:46:46 | INFO | assembly_info_utils | fetch_wb_assembly_task_info | Получили статус запроса 200
2025-08-21 15:46:46 | INFO | assembly_info_utils | fetch_wb_assembly_task_info | Получили статус запроса 200
2025-08-21 15:46:46 | INFO | assembly_info_utils | fetch_wb_assembly_task_info | Получили статус запроса 200
2025-08-21 15:46:46 | INFO | assembly_info_utils | fetch_wb_assembly_task_info | Получили статус запроса 200
2025-08-21 15:46:46 | INFO | assembly_info_utils | fetch_wb_assembly_task_info | Получили статус запроса 200
2025-08-21 15:46:47 | INFO | assembly_info_utils | fetch_wb_assembly_task_info | Получили статус запроса 200
2025-08-21 15:46:47 | INFO | assembly_info_utils | fetch_wb_assembly_task_info | Получили статус запроса 200
2025-08-21 15:46:47 | INFO | assembly_info_utils | fetch_wb_assembly_task_info | Получили статус запроса 200
2025-08-21 15:46:47 | INFO | assembly_info_utils | fetch_wb_assembly_task_info | Получили статус запроса 200
2025-08-21 15:46:47 | INFO | assembly_info_utils | fetch_wb_assembly_task_info | Получили статус запроса 200
2025-08-21 15:46:47 | INFO | assembly_info_utils | fetch_wb_assembly_task_info | Получили статус запроса 200
2025-08-21 15:46:47 | INFO | assembly_info_utils | fetch_wb_assembly_task_info | Получили статус запроса 200
2025-08-21 15:46:47 | INFO | assembly_info_utils | fetch_wb_assembly_task_info | Получили статус запроса 200
2025-08-21 15:46:47 | INFO | assembly_info_utils | fetch_wb_assembly_task_info | Получили статус запроса 200
2025-08-21 15:46:47 | INFO | assembly_info_utils | fetch_wb_assembly_task_info | Получили статус запроса 200
2025-08-21 15:46:48 | INFO | assembly_info_utils | fetch_wb_assembly_task_info | Получили статус запроса 200
2025-08-21 15:46:48 | INFO | assembly_info_utils | fetch_wb_assembly_task_info | Получили статус запроса 200
2025-08-21 15:46:48 | INFO | assembly_info_utils | fetch_wb_assembly_task_info | Получили статус запроса 200
2025-08-21 15:46:48 | INFO | assembly_info_utils | fetch_wb_assembly_task_info | Получили статус запроса 200
2025-08-21 15:46:48 | INFO | assembly_info_utils | fetch_wb_assembly_task_info | Получили статус запроса 200
2025-08-21 15:46:48 | INFO | assembly_info_utils | fetch_wb_assembly_task_info | Получили статус запроса 200
2025-08-21 15:46:48 | INFO | assembly_info_utils | fetch_wb_assembly_task_info | Получили статус запроса 200
2025-08-21 15:46:48 | INFO | assembly_info_utils | fetch_wb_assembly_task_info | Получили статус запроса 200
2025-08-21 15:46:48 | INFO | assembly_info_utils | fetch_wb_assembly_task_info | Получили статус запроса 200
2025-08-21 15:46:48 | INFO | assembly_info_utils | fetch_wb_assembly_task_info | Получили статус запроса 200
2025-08-21 15:46:48 | INFO | assembly_info_utils | fetch_wb_assembly_task_info | Получили статус запроса 200
2025-08-21 15:46:48 | INFO | assembly_info_utils | fetch_wb_assembly_task_info | Получили статус запроса 200
2025-08-21 15:46:48 | INFO | assembly_info_utils | fetch_wb_assembly_task_info | Получили статус запроса 200
2025-08-21 15:46:48 | INFO | assembly_info_utils | fetch_wb_assembly_task_info | Получили статус запроса 200
2025-08-21 15:46:49 | INFO | assembly_info_utils | fetch_wb_assembly_task_info | Получили статус запроса 200
2025-08-21 15:46:49 | INFO | assembly_info_utils | fetch_wb_assembly_task_info | Получили статус запроса 200
2025-08-21 15:46:49 | INFO | assembly_info_utils | fetch_wb_assembly_task_info | Получили статус запроса 200
2025-08-21 15:46:49 | INFO | assembly_info_utils | fetch_wb_assembly_task_info | Получили статус запроса 200
2025-08-21 15:46:49 | INFO | assembly_info_utils | fetch_wb_assembly_task_info | Получили статус запроса 200
2025-08-21 15:46:50 | INFO | assembly_info_utils | fetch_wb_assembly_task_info | Получили статус запроса 200
2025-08-21 15:46:50 | INFO | assembly_info_utils | fetch_wb_assembly_task_info | Получили статус запроса 200
2025-08-21 15:46:50 | INFO | assembly_info_utils | fetch_wb_assembly_task_info | Получили статус запроса 200
2025-08-21 15:46:50 | INFO | assembly_info_utils | fetch_wb_assembly_task_info | Получили статус запроса 200
2025-08-21 15:46:50 | INFO | assembly_info_utils | fetch_wb_assembly_task_info | Получили статус запроса 200
2025-08-21 15:46:51 | INFO | assembly_info_utils | fetch_wb_assembly_task_info | Получили статус запроса 200
2025-08-21 15:46:51 | INFO | assembly_info_utils | fetch_wb_assembly_task_info | Получили статус запроса 200
2025-08-21 15:46:51 | INFO | assembly_info_utils | fetch_wb_assembly_task_info | Получили статус запроса 200
2025-08-21 15:46:51 | INFO | assembly_info_utils | fetch_wb_assembly_task_info | Получили статус запроса 200
2025-08-21 15:46:51 | INFO | assembly_info_utils | fetch_wb_assembly_task_info | Получили статус запроса 200
2025-08-21 15:46:51 | INFO | assembly_info_utils | fetch_wb_assembly_task_info | Получили статус запроса 200
2025-08-21 15:47:45 | INFO | assembly_info_utils | fetch_wb_assembly_task_info | Получили статус запроса 200
2025-08-21 15:47:45 | INFO | assembly_info_utils | fetch_wb_assembly_task_info | Получили статус запроса 200
2025-08-21 15:47:45 | INFO | assembly_info_utils | fetch_wb_assembly_task_info | Получили статус запроса 200
2025-08-21 15:47:45 | INFO | assembly_info_utils | fetch_wb_assembly_task_info | Получили статус запроса 200
2025-08-21 15:47:46 | INFO | assembly_info_utils | fetch_wb_assembly_task_info | Получили статус запроса 200
2025-08-21 15:47:46 | INFO | assembly_info_utils | fetch_wb_assembly_task_info | Получили статус запроса 200
2025-08-21 15:47:46 | INFO | assembly_info_utils | fetch_wb_assembly_task_info | Получили статус запроса 200
2025-08-21 15:47:46 | INFO | assembly_info_utils | fetch_wb_assembly_task_info | Получили статус запроса 200
2025-08-21 15:47:46 | INFO | assembly_info_utils | fetch_wb_assembly_task_info | Получили статус запроса 200
2025-08-21 15:47:46 | INFO | assembly_info_utils | fetch_wb_assembly_task_info | Получили статус запроса 200
2025-08-21 15:47:47 | INFO | assembly_info_utils | fetch_wb_assembly_task_info | Получили статус запроса 200
2025-08-21 15:47:47 | INFO | assembly_info_utils | fetch_wb_assembly_task_info | Получили статус запроса 200
2025-08-21 15:47:47 | INFO | assembly_info_utils | fetch_wb_assembly_task_info | Получили статус запроса 200
2025-08-21 15:47:47 | INFO | assembly_info_utils | fetch_wb_assembly_task_info | Получили статус запроса 200
2025-08-21 15:47:47 | INFO | assembly_info_utils | fetch_wb_assembly_task_info | Получили статус запроса 200
2025-08-21 15:47:47 | INFO | assembly_info_utils | fetch_wb_assembly_task_info | Получили статус запроса 200
2025-08-21 15:47:47 | INFO | assembly_info_utils | fetch_wb_assembly_task_info | Получили статус запроса 200
2025-08-21 15:47:48 | INFO | assembly_info_utils | fetch_wb_assembly_task_info | Получили статус запроса 200
2025-08-21 15:47:48 | INFO | assembly_info_utils | fetch_wb_assembly_task_info | Получили статус запроса 200
2025-08-21 15:47:48 | INFO | assembly_info_utils | fetch_wb_assembly_task_info | Получили статус запроса 200
2025-08-21 15:47:48 | INFO | assembly_info_utils | fetch_wb_assembly_task_info | Получили статус запроса 200
2025-08-21 15:47:48 | INFO | assembly_info_utils | fetch_wb_assembly_task_info | Получили статус запроса 200
2025-08-21 15:47:48 | INFO | assembly_info_utils | fetch_wb_assembly_task_info | Получили статус запроса 200
2025-08-21 15:47:49 | INFO | assembly_info_utils | fetch_wb_assembly_task_info | Получили статус запроса 200
2025-08-21 15:47:49 | INFO | assembly_info_utils | fetch_wb_assembly_task_info | Получили статус запроса 200
2025-08-21 15:47:49 | INFO | assembly_info_utils | fetch_wb_assembly_task_info | Получили статус запроса 200
2025-08-21 15:47:49 | INFO | assembly_info_utils | fetch_wb_assembly_task_info | Получили статус запроса 200
2025-08-21 15:47:49 | INFO | assembly_info_utils | fetch_wb_assembly_task_info | Получили статус запроса 200
2025-08-21 15:47:49 | INFO | assembly_info_utils | fetch_wb_assembly_task_info | Получили статус запроса 200
2025-08-21 15:47:50 | INFO | assembly_info_utils | fetch_wb_assembly_task_info | Получили статус запроса 200
2025-08-21 15:47:50 | INFO | assembly_info_utils | fetch_wb_assembly_task_info | Получили статус запроса 200
2025-08-21 15:47:50 | INFO | assembly_info_utils | fetch_wb_assembly_task_info | Получили статус запроса 200
2025-08-21 15:47:50 | INFO | assembly_info_utils | fetch_wb_assembly_task_info | Получили статус запроса 200
2025-08-21 15:47:50 | INFO | assembly_info_utils | fetch_wb_assembly_task_info | Получили статус запроса 200
2025-08-21 15:47:50 | INFO | assembly_info_utils | fetch_wb_assembly_task_info | Получили статус запроса 200
2025-08-21 15:47:50 | INFO | assembly_info_utils | fetch_wb_assembly_task_info | Получили статус запроса 200
2025-08-21 15:47:51 | INFO | assembly_info_utils | fetch_wb_assembly_task_info | Получили статус запроса 200
2025-08-21 15:47:51 | INFO | assembly_info_utils | fetch_wb_assembly_task_info | Получили статус запроса 200
2025-08-21 15:47:51 | INFO | assembly_info_utils | fetch_wb_assembly_task_info | Получили статус запроса 200
2025-08-21 15:47:51 | INFO | assembly_info_utils | fetch_wb_assembly_task_info | Получили статус запроса 200
2025-08-21 15:47:51 | INFO | assembly_info_utils | fetch_wb_assembly_task_info | Получили статус запроса 200
2025-08-21 15:47:51 | INFO | assembly_info_utils | fetch_wb_assembly_task_info | Получили статус запроса 200
2025-08-21 15:47:52 | INFO | assembly_info_utils | fetch_wb_assembly_task_info | Получили статус запроса 200
2025-08-21 15:47:52 | INFO | assembly_info_utils | fetch_wb_assembly_task_info | Получили статус запроса 200
2025-08-21 15:47:53 | INFO | assembly_info_utils | fetch_wb_assembly_task_info | Получили статус запроса 200
2025-08-21 15:47:53 | INFO | assembly_info_utils | fetch_wb_assembly_task_info | Получили статус запроса 200
2025-08-21 15:47:54 | INFO | assembly_info_utils | fetch_wb_assembly_task_info | Получили статус запроса 200
2025-08-21 15:47:54 | INFO | assembly_info_utils | fetch_wb_assembly_task_info | Получили статус запроса 200
2025-08-21 15:47:54 | INFO | assembly_info_utils | fetch_wb_assembly_task_info | Получили статус запроса 200
2025-08-21 15:47:55 | INFO | assembly_info_utils | fetch_wb_assembly_task_info | Получили статус запроса 200
2025-08-22 11:09:53 | INFO | assembly_info_utils | fetch_wb_assembly_task_info | Получили статус запроса 200
2025-08-22 11:09:53 | INFO | assembly_info_utils | fetch_wb_assembly_task_info | Получили статус запроса 200
2025-08-22 11:09:53 | INFO | assembly_info_utils | fetch_wb_assembly_task_info | Получили статус запроса 200
2025-08-22 11:09:53 | INFO | assembly_info_utils | fetch_wb_assembly_task_info | Получили статус запроса 200
2025-08-22 11:09:53 | INFO | assembly_info_utils | fetch_wb_assembly_task_info | Получили статус запроса 200
2025-08-22 11:09:53 | INFO | assembly_info_utils | fetch_wb_assembly_task_info | Получили статус запроса 200
2025-08-22 11:09:53 | INFO | assembly_info_utils | fetch_wb_assembly_task_info | Получили статус запроса 200
2025-08-22 11:09:53 | INFO | assembly_info_utils | fetch_wb_assembly_task_info | Получили статус запроса 200
2025-08-22 11:09:53 | INFO | assembly_info_utils | fetch_wb_assembly_task_info | Получили статус запроса 200
2025-08-22 11:09:54 | INFO | assembly_info_utils | fetch_wb_assembly_task_info | Получили статус запроса 200
2025-08-22 11:09:54 | INFO | assembly_info_utils | fetch_wb_assembly_task_info | Получили статус запроса 200
2025-08-22 11:09:54 | INFO | assembly_info_utils | fetch_wb_assembly_task_info | Получили статус запроса 200
2025-08-22 11:09:54 | INFO | assembly_info_utils | fetch_wb_assembly_task_info | Получили статус запроса 200
2025-08-22 11:09:54 | INFO | assembly_info_utils | fetch_wb_assembly_task_info | Получили статус запроса 200
2025-08-22 11:09:54 | INFO | assembly_info_utils | fetch_wb_assembly_task_info | Получили статус запроса 200
2025-08-22 11:09:54 | INFO | assembly_info_utils | fetch_wb_assembly_task_info | Получили статус запроса 200
2025-08-22 11:09:54 | INFO | assembly_info_utils | fetch_wb_assembly_task_info | Получили статус запроса 200
2025-08-22 11:09:54 | INFO | assembly_info_utils | fetch_wb_assembly_task_info | Получили статус запроса 200
2025-08-22 11:09:54 | INFO | assembly_info_utils | fetch_wb_assembly_task_info | Получили статус запроса 200
2025-08-22 11:09:54 | INFO | assembly_info_utils | fetch_wb_assembly_task_info | Получили статус запроса 200
2025-08-22 11:09:54 | INFO | assembly_info_utils | fetch_wb_assembly_task_info | Получили статус запроса 200
2025-08-22 11:09:54 | INFO | assembly_info_utils | fetch_wb_assembly_task_info | Получили статус запроса 200
2025-08-22 11:09:54 | INFO | assembly_info_utils | fetch_wb_assembly_task_info | Получили статус запроса 200
2025-08-22 11:09:54 | INFO | assembly_info_utils | fetch_wb_assembly_task_info | Получили статус запроса 200
2025-08-22 11:09:55 | INFO | assembly_info_utils | fetch_wb_assembly_task_info | Получили статус запроса 200
2025-08-22 11:09:55 | INFO | assembly_info_utils | fetch_wb_assembly_task_info | Получили статус запроса 200
2025-08-22 11:09:55 | INFO | assembly_info_utils | fetch_wb_assembly_task_info | Получили статус запроса 200
2025-08-22 11:09:55 | INFO | assembly_info_utils | fetch_wb_assembly_task_info | Получили статус запроса 200
2025-08-22 11:09:55 | INFO | assembly_info_utils | fetch_wb_assembly_task_info | Получили статус запроса 200
2025-08-22 11:09:55 | INFO | assembly_info_utils | fetch_wb_assembly_task_info | Получили статус запроса 200
2025-08-22 11:09:55 | INFO | assembly_info_utils | fetch_wb_assembly_task_info | Получили статус запроса 200
2025-08-22 11:09:55 | INFO | assembly_info_utils | fetch_wb_assembly_task_info | Получили статус запроса 200
2025-08-22 11:09:55 | INFO | assembly_info_utils | fetch_wb_assembly_task_info | Получили статус запроса 200
2025-08-22 11:09:55 | INFO | assembly_info_utils | fetch_wb_assembly_task_info | Получили статус запроса 200
2025-08-22 11:09:55 | INFO | assembly_info_utils | fetch_wb_assembly_task_info | Получили статус запроса 200
2025-08-22 11:09:55 | INFO | assembly_info_utils | fetch_wb_assembly_task_info | Получили статус запроса 200
2025-08-22 11:09:55 | INFO | assembly_info_utils | fetch_wb_assembly_task_info | Получили статус запроса 200
2025-08-22 11:09:56 | INFO | assembly_info_utils | fetch_wb_assembly_task_info | Получили статус запроса 200
2025-08-22 11:09:56 | INFO | assembly_info_utils | fetch_wb_assembly_task_info | Получили статус запроса 200
2025-08-22 11:09:56 | INFO | assembly_info_utils | fetch_wb_assembly_task_info | Получили статус запроса 200
2025-08-22 11:09:56 | INFO | assembly_info_utils | fetch_wb_assembly_task_info | Получили статус запроса 200
2025-08-22 11:09:56 | INFO | assembly_info_utils | fetch_wb_assembly_task_info | Получили статус запроса 200
2025-08-22 11:09:56 | INFO | assembly_info_utils | fetch_wb_assembly_task_info | Получили статус запроса 200
2025-08-22 11:09:56 | INFO | assembly_info_utils | fetch_wb_assembly_task_info | Получили статус запроса 200
2025-08-22 11:09:56 | INFO | assembly_info_utils | fetch_wb_assembly_task_info | Получили статус запроса 200
2025-08-22 11:09:56 | INFO | assembly_info_utils | fetch_wb_assembly_task_info | Получили статус запроса 200
2025-08-22 11:09:56 | INFO | assembly_info_utils | fetch_wb_assembly_task_info | Получили статус запроса 200
2025-08-22 11:09:56 | INFO | assembly_info_utils | fetch_wb_assembly_task_info | Получили статус запроса 200
2025-08-22 11:09:56 | INFO | assembly_info_utils | fetch_wb_assembly_task_info | Получили статус запроса 200
2025-08-22 11:09:56 | INFO | assembly_info_utils | fetch_wb_assembly_task_info | Получили статус запроса 200
2025-08-22 11:09:57 | INFO | assembly_info_utils | fetch_wb_assembly_task_info | Получили статус запроса 200
2025-08-22 11:09:57 | INFO | assembly_info_utils | fetch_wb_assembly_task_info | Получили статус запроса 200
2025-08-22 11:09:57 | INFO | assembly_info_utils | fetch_wb_assembly_task_info | Получили статус запроса 200
2025-08-22 11:09:57 | INFO | assembly_info_utils | fetch_wb_assembly_task_info | Получили статус запроса 200
2025-08-22 11:09:57 | INFO | assembly_info_utils | fetch_wb_assembly_task_info | Получили статус запроса 200
2025-08-22 11:09:57 | INFO | assembly_info_utils | fetch_wb_assembly_task_info | Получили статус запроса 200
2025-08-22 11:09:57 | INFO | assembly_info_utils | fetch_wb_assembly_task_info | Получили статус запроса 200
2025-08-22 11:09:57 | INFO | assembly_info_utils | fetch_wb_assembly_task_info | Получили статус запроса 200
2025-08-22 11:09:57 | INFO | assembly_info_utils | fetch_wb_assembly_task_info | Получили статус запроса 200
2025-08-22 11:09:57 | INFO | assembly_info_utils | fetch_wb_assembly_task_info | Получили статус запроса 200
2025-08-22 11:09:57 | INFO | assembly_info_utils | fetch_wb_assembly_task_info | Получили статус запроса 200
2025-08-22 11:09:57 | INFO | assembly_info_utils | fetch_wb_assembly_task_info | Получили статус запроса 200
2025-08-22 11:09:57 | INFO | assembly_info_utils | fetch_wb_assembly_task_info | Получили статус запроса 200
2025-08-22 11:09:57 | INFO | assembly_info_utils | fetch_wb_assembly_task_info | Получили статус запроса 200
2025-08-22 11:09:58 | INFO | assembly_info_utils | fetch_wb_assembly_task_info | Получили статус запроса 200
2025-08-22 11:09:58 | INFO | assembly_info_utils | fetch_wb_assembly_task_info | Получили статус запроса 200
2025-08-22 11:09:58 | INFO | assembly_info_utils | fetch_wb_assembly_task_info | Получили статус запроса 200
2025-08-22 11:09:58 | INFO | assembly_info_utils | fetch_wb_assembly_task_info | Получили статус запроса 200
2025-08-22 11:09:58 | INFO | assembly_info_utils | fetch_wb_assembly_task_info | Получили статус запроса 200
2025-08-22 11:09:58 | INFO | assembly_info_utils | fetch_wb_assembly_task_info | Получили статус запроса 200
2025-08-22 11:09:58 | INFO | assembly_info_utils | fetch_wb_assembly_task_info | Получили статус запроса 200
2025-08-22 11:09:58 | INFO | assembly_info_utils | fetch_wb_assembly_task_info | Получили статус запроса 200
2025-08-22 11:09:58 | INFO | assembly_info_utils | fetch_wb_assembly_task_info | Получили статус запроса 200
2025-08-22 11:09:58 | INFO | assembly_info_utils | fetch_wb_assembly_task_info | Получили статус запроса 200
2025-08-22 11:09:58 | INFO | assembly_info_utils | fetch_wb_assembly_task_info | Получили статус запроса 200
2025-08-22 11:09:58 | INFO | assembly_info_utils | fetch_wb_assembly_task_info | Получили статус запроса 200
2025-08-22 11:09:58 | INFO | assembly_info_utils | fetch_wb_assembly_task_info | Получили статус запроса 200
2025-08-22 11:09:58 | INFO | assembly_info_utils | fetch_wb_assembly_task_info | Получили статус запроса 200
2025-08-22 11:09:58 | INFO | assembly_info_utils | fetch_wb_assembly_task_info | Получили статус запроса 200
2025-08-22 11:09:59 | INFO | assembly_info_utils | fetch_wb_assembly_task_info | Получили статус запроса 200
2025-08-22 11:09:59 | INFO | assembly_info_utils | fetch_wb_assembly_task_info | Получили статус запроса 200
2025-08-22 11:09:59 | INFO | assembly_info_utils | fetch_wb_assembly_task_info | Получили статус запроса 200
2025-08-22 11:09:59 | INFO | assembly_info_utils | fetch_wb_assembly_task_info | Получили статус запроса 200
2025-08-22 11:09:59 | INFO | assembly_info_utils | fetch_wb_assembly_task_info | Получили статус запроса 200
2025-08-22 11:09:59 | INFO | assembly_info_utils | fetch_wb_assembly_task_info | Получили статус запроса 200
2025-08-22 11:09:59 | INFO | assembly_info_utils | fetch_wb_assembly_task_info | Получили статус запроса 200
2025-08-22 11:09:59 | INFO | assembly_info_utils | fetch_wb_assembly_task_info | Получили статус запроса 200
2025-08-22 11:09:59 | INFO | assembly_info_utils | fetch_wb_assembly_task_info | Получили статус запроса 200
2025-08-22 11:09:59 | INFO | assembly_info_utils | fetch_wb_assembly_task_info | Получили статус запроса 200
2025-08-22 11:09:59 | INFO | assembly_info_utils | fetch_wb_assembly_task_info | Получили статус запроса 200
2025-08-22 11:09:59 | INFO | assembly_info_utils | fetch_wb_assembly_task_info | Получили статус запроса 200
2025-08-22 11:10:00 | INFO | assembly_info_utils | fetch_wb_assembly_task_info | Получили статус запроса 200
2025-08-22 11:10:00 | INFO | assembly_info_utils | fetch_wb_assembly_task_info | Получили статус запроса 200
2025-08-22 11:10:00 | INFO | assembly_info_utils | fetch_wb_assembly_task_info | Получили статус запроса 200
2025-08-22 11:10:00 | INFO | assembly_info_utils | fetch_wb_assembly_task_info | Получили статус запроса 200
2025-08-22 11:10:00 | INFO | assembly_info_utils | fetch_wb_assembly_task_info | Получили статус запроса 200
2025-08-22 11:10:00 | INFO | assembly_info_utils | fetch_wb_assembly_task_info | Получили статус запроса 200
2025-08-22 11:10:00 | INFO | assembly_info_utils | fetch_wb_assembly_task_info | Получили статус запроса 200
2025-08-22 11:10:00 | INFO | assembly_info_utils | fetch_wb_assembly_task_info | Получили статус запроса 200
2025-08-22 11:10:00 | INFO | assembly_info_utils | fetch_wb_assembly_task_info | Получили статус запроса 200
2025-08-22 11:10:00 | INFO | assembly_info_utils | fetch_wb_assembly_task_info | Получили статус запроса 200
2025-08-22 11:10:00 | INFO | assembly_info_utils | fetch_wb_assembly_task_info | Получили статус запроса 200
2025-08-22 11:10:00 | INFO | assembly_info_utils | fetch_wb_assembly_task_info | Получили статус запроса 200
2025-08-22 11:10:01 | INFO | assembly_info_utils | fetch_wb_assembly_task_info | Получили статус запроса 200
2025-08-22 11:10:01 | INFO | assembly_info_utils | fetch_wb_assembly_task_info | Получили статус запроса 200
2025-08-22 11:10:01 | INFO | assembly_info_utils | fetch_wb_assembly_task_info | Получили статус запроса 200
2025-08-22 11:10:01 | INFO | assembly_info_utils | fetch_wb_assembly_task_info | Получили статус запроса 200
2025-08-22 11:10:01 | INFO | assembly_info_utils | fetch_wb_assembly_task_info | Получили статус запроса 200
2025-08-22 11:10:01 | INFO | assembly_info_utils | fetch_wb_assembly_task_info | Получили статус запроса 200
2025-08-22 11:10:01 | INFO | assembly_info_utils | fetch_wb_assembly_task_info | Получили статус запроса 200
2025-08-22 11:10:01 | INFO | assembly_info_utils | fetch_wb_assembly_task_info | Получили статус запроса 200
2025-08-22 11:10:01 | INFO | assembly_info_utils | fetch_wb_assembly_task_info | Получили статус запроса 200
2025-08-22 11:10:02 | INFO | assembly_info_utils | fetch_wb_assembly_task_info | Получили статус запроса 200
2025-08-22 11:10:02 | INFO | assembly_info_utils | fetch_wb_assembly_task_info | Получили статус запроса 200
2025-08-22 11:10:02 | INFO | assembly_info_utils | fetch_wb_assembly_task_info | Получили статус запроса 200
2025-08-22 11:10:02 | INFO | assembly_info_utils | fetch_wb_assembly_task_info | Получили статус запроса 200
2025-08-22 11:10:02 | INFO | assembly_info_utils | fetch_wb_assembly_task_info | Получили статус запроса 200
2025-08-22 11:10:02 | INFO | assembly_info_utils | fetch_wb_assembly_task_info | Получили статус запроса 200
2025-08-22 11:10:02 | INFO | assembly_info_utils | fetch_wb_assembly_task_info | Получили статус запроса 200
2025-08-22 11:10:03 | INFO | assembly_info_utils | fetch_wb_assembly_task_info | Получили статус запроса 200
2025-08-22 11:10:03 | INFO | assembly_info_utils | fetch_wb_assembly_task_info | Получили статус запроса 200
2025-08-22 11:10:03 | INFO | assembly_info_utils | fetch_wb_assembly_task_info | Получили статус запроса 200
2025-08-22 11:10:04 | INFO | assembly_info_utils | fetch_wb_assembly_task_info | Получили статус запроса 200
2025-08-22 11:10:04 | INFO | assembly_info_utils | fetch_wb_assembly_task_info | Получили статус запроса 200
2025-08-22 11:10:05 | INFO | assembly_info_utils | fetch_wb_assembly_task_info | Получили статус запроса 200
2025-08-22 11:10:06 | INFO | assembly_info_utils | fetch_wb_assembly_task_info | Получили статус запроса 200
2025-08-22 11:10:06 | INFO | assembly_info_utils | fetch_wb_assembly_task_info | Получили статус запроса 200
2025-08-22 11:10:06 | INFO | assembly_info_utils | fetch_wb_assembly_task_info | Получили статус запроса 200
2025-08-22 11:10:07 | INFO | assembly_info_utils | fetch_wb_assembly_task_info | Получили статус запроса 200
2025-08-22 13:31:12 | INFO | assembly_info_utils | fetch_wb_assembly_task_info | Получили статус запроса 200
2025-08-22 13:31:12 | INFO | assembly_info_utils | fetch_wb_assembly_task_info | Получили статус запроса 200
2025-08-22 13:31:12 | INFO | assembly_info_utils | fetch_wb_assembly_task_info | Получили статус запроса 200
2025-08-22 13:31:12 | INFO | assembly_info_utils | fetch_wb_assembly_task_info | Получили статус запроса 200
2025-08-22 13:31:12 | INFO | assembly_info_utils | fetch_wb_assembly_task_info | Получили статус запроса 200
2025-08-22 13:31:12 | INFO | assembly_info_utils | fetch_wb_assembly_task_info | Получили статус запроса 200
2025-08-22 13:31:12 | INFO | assembly_info_utils | fetch_wb_assembly_task_info | Получили статус запроса 200
2025-08-22 13:31:13 | INFO | assembly_info_utils | fetch_wb_assembly_task_info | Получили статус запроса 200
2025-08-22 13:31:13 | INFO | assembly_info_utils | fetch_wb_assembly_task_info | Получили статус запроса 200
2025-08-22 13:31:13 | INFO | assembly_info_utils | fetch_wb_assembly_task_info | Получили статус запроса 200
2025-08-22 13:31:13 | INFO | assembly_info_utils | fetch_wb_assembly_task_info | Получили статус запроса 200
2025-08-22 13:31:13 | INFO | assembly_info_utils | fetch_wb_assembly_task_info | Получили статус запроса 200
2025-08-22 13:31:13 | INFO | assembly_info_utils | fetch_wb_assembly_task_info | Получили статус запроса 200
2025-08-22 13:31:13 | INFO | assembly_info_utils | fetch_wb_assembly_task_info | Получили статус запроса 200
2025-08-22 13:31:13 | INFO | assembly_info_utils | fetch_wb_assembly_task_info | Получили статус запроса 200
2025-08-22 13:31:13 | INFO | assembly_info_utils | fetch_wb_assembly_task_info | Получили статус запроса 200
2025-08-22 13:31:13 | INFO | assembly_info_utils | fetch_wb_assembly_task_info | Получили статус запроса 200
2025-08-22 13:31:13 | INFO | assembly_info_utils | fetch_wb_assembly_task_info | Получили статус запроса 200
2025-08-22 13:31:13 | INFO | assembly_info_utils | fetch_wb_assembly_task_info | Получили статус запроса 200
2025-08-22 13:31:13 | INFO | assembly_info_utils | fetch_wb_assembly_task_info | Получили статус запроса 200
2025-08-22 13:31:14 | INFO | assembly_info_utils | fetch_wb_assembly_task_info | Получили статус запроса 200
2025-08-22 13:31:14 | INFO | assembly_info_utils | fetch_wb_assembly_task_info | Получили статус запроса 200
2025-08-22 13:31:14 | INFO | assembly_info_utils | fetch_wb_assembly_task_info | Получили статус запроса 200
2025-08-22 13:31:14 | INFO | assembly_info_utils | fetch_wb_assembly_task_info | Получили статус запроса 200
2025-08-22 13:31:14 | INFO | assembly_info_utils | fetch_wb_assembly_task_info | Получили статус запроса 200
2025-08-22 13:31:14 | INFO | assembly_info_utils | fetch_wb_assembly_task_info | Получили статус запроса 200
2025-08-22 13:31:14 | INFO | assembly_info_utils | fetch_wb_assembly_task_info | Получили статус запроса 200
2025-08-22 13:31:14 | INFO | assembly_info_utils | fetch_wb_assembly_task_info | Получили статус запроса 200
2025-08-22 13:31:14 | INFO | assembly_info_utils | fetch_wb_assembly_task_info | Получили статус запроса 200
2025-08-22 13:31:14 | INFO | assembly_info_utils | fetch_wb_assembly_task_info | Получили статус запроса 200
2025-08-22 13:31:14 | INFO | assembly_info_utils | fetch_wb_assembly_task_info | Получили статус запроса 200
2025-08-22 13:31:14 | INFO | assembly_info_utils | fetch_wb_assembly_task_info | Получили статус запроса 200
2025-08-22 13:31:15 | INFO | assembly_info_utils | fetch_wb_assembly_task_info | Получили статус запроса 200
2025-08-22 13:31:15 | INFO | assembly_info_utils | fetch_wb_assembly_task_info | Получили статус запроса 200
2025-08-22 13:31:15 | INFO | assembly_info_utils | fetch_wb_assembly_task_info | Получили статус запроса 200
2025-08-22 13:31:15 | INFO | assembly_info_utils | fetch_wb_assembly_task_info | Получили статус запроса 200
2025-08-22 13:31:15 | INFO | assembly_info_utils | fetch_wb_assembly_task_info | Получили статус запроса 200
2025-08-22 13:31:15 | INFO | assembly_info_utils | fetch_wb_assembly_task_info | Получили статус запроса 200
2025-08-22 13:31:15 | INFO | assembly_info_utils | fetch_wb_assembly_task_info | Получили статус запроса 200
2025-08-22 13:31:15 | INFO | assembly_info_utils | fetch_wb_assembly_task_info | Получили статус запроса 200
2025-08-22 13:31:15 | INFO | assembly_info_utils | fetch_wb_assembly_task_info | Получили статус запроса 200
2025-08-22 13:31:15 | INFO | assembly_info_utils | fetch_wb_assembly_task_info | Получили статус запроса 200
2025-08-22 13:31:15 | INFO | assembly_info_utils | fetch_wb_assembly_task_info | Получили статус запроса 200
2025-08-22 13:31:15 | INFO | assembly_info_utils | fetch_wb_assembly_task_info | Получили статус запроса 200
2025-08-22 13:31:15 | INFO | assembly_info_utils | fetch_wb_assembly_task_info | Получили статус запроса 200
2025-08-22 13:31:15 | INFO | assembly_info_utils | fetch_wb_assembly_task_info | Получили статус запроса 200
2025-08-22 13:31:16 | INFO | assembly_info_utils | fetch_wb_assembly_task_info | Получили статус запроса 200
2025-08-22 13:31:16 | INFO | assembly_info_utils | fetch_wb_assembly_task_info | Получили статус запроса 200
2025-08-22 13:31:16 | INFO | assembly_info_utils | fetch_wb_assembly_task_info | Получили статус запроса 200
2025-08-22 13:31:16 | INFO | assembly_info_utils | fetch_wb_assembly_task_info | Получили статус запроса 200
2025-08-22 13:31:16 | INFO | assembly_info_utils | fetch_wb_assembly_task_info | Получили статус запроса 200
2025-08-22 13:31:16 | INFO | assembly_info_utils | fetch_wb_assembly_task_info | Получили статус запроса 200
2025-08-22 13:31:16 | INFO | assembly_info_utils | fetch_wb_assembly_task_info | Получили статус запроса 200
2025-08-22 13:31:16 | INFO | assembly_info_utils | fetch_wb_assembly_task_info | Получили статус запроса 200
2025-08-22 13:31:16 | INFO | assembly_info_utils | fetch_wb_assembly_task_info | Получили статус запроса 200
2025-08-22 13:31:16 | INFO | assembly_info_utils | fetch_wb_assembly_task_info | Получили статус запроса 200
2025-08-22 13:31:16 | INFO | assembly_info_utils | fetch_wb_assembly_task_info | Получили статус запроса 200
2025-08-22 13:31:16 | INFO | assembly_info_utils | fetch_wb_assembly_task_info | Получили статус запроса 200
2025-08-22 13:31:16 | INFO | assembly_info_utils | fetch_wb_assembly_task_info | Получили статус запроса 200
2025-08-22 13:31:16 | INFO | assembly_info_utils | fetch_wb_assembly_task_info | Получили статус запроса 200
2025-08-22 13:31:16 | INFO | assembly_info_utils | fetch_wb_assembly_task_info | Получили статус запроса 200
2025-08-22 13:31:17 | INFO | assembly_info_utils | fetch_wb_assembly_task_info | Получили статус запроса 200
2025-08-22 13:31:17 | INFO | assembly_info_utils | fetch_wb_assembly_task_info | Получили статус запроса 200
2025-08-22 13:31:17 | INFO | assembly_info_utils | fetch_wb_assembly_task_info | Получили статус запроса 200
2025-08-22 13:31:17 | INFO | assembly_info_utils | fetch_wb_assembly_task_info | Получили статус запроса 200
2025-08-22 13:31:17 | INFO | assembly_info_utils | fetch_wb_assembly_task_info | Получили статус запроса 200
2025-08-22 13:31:17 | INFO | assembly_info_utils | fetch_wb_assembly_task_info | Получили статус запроса 200
2025-08-22 13:31:17 | INFO | assembly_info_utils | fetch_wb_assembly_task_info | Получили статус запроса 200
2025-08-22 13:31:17 | INFO | assembly_info_utils | fetch_wb_assembly_task_info | Получили статус запроса 200
2025-08-22 13:31:17 | INFO | assembly_info_utils | fetch_wb_assembly_task_info | Получили статус запроса 200
2025-08-22 13:31:17 | INFO | assembly_info_utils | fetch_wb_assembly_task_info | Получили статус запроса 200
2025-08-22 13:31:17 | INFO | assembly_info_utils | fetch_wb_assembly_task_info | Получили статус запроса 200
2025-08-22 13:31:18 | INFO | assembly_info_utils | fetch_wb_assembly_task_info | Получили статус запроса 200
2025-08-22 13:31:18 | INFO | assembly_info_utils | fetch_wb_assembly_task_info | Получили статус запроса 200
2025-08-22 13:31:18 | INFO | assembly_info_utils | fetch_wb_assembly_task_info | Получили статус запроса 200
2025-08-22 13:31:18 | INFO | assembly_info_utils | fetch_wb_assembly_task_info | Получили статус запроса 200
2025-08-22 13:31:18 | INFO | assembly_info_utils | fetch_wb_assembly_task_info | Получили статус запроса 200
2025-08-22 13:31:18 | INFO | assembly_info_utils | fetch_wb_assembly_task_info | Получили статус запроса 200
2025-08-22 13:31:18 | INFO | assembly_info_utils | fetch_wb_assembly_task_info | Получили статус запроса 200
2025-08-22 13:31:18 | INFO | assembly_info_utils | fetch_wb_assembly_task_info | Получили статус запроса 200
2025-08-22 13:31:18 | INFO | assembly_info_utils | fetch_wb_assembly_task_info | Получили статус запроса 200
2025-08-22 13:31:18 | INFO | assembly_info_utils | fetch_wb_assembly_task_info | Получили статус запроса 200
2025-08-22 13:31:18 | INFO | assembly_info_utils | fetch_wb_assembly_task_info | Получили статус запроса 200
2025-08-22 13:31:18 | INFO | assembly_info_utils | fetch_wb_assembly_task_info | Получили статус запроса 200
2025-08-22 13:31:18 | INFO | assembly_info_utils | fetch_wb_assembly_task_info | Получили статус запроса 200
2025-08-22 13:31:18 | INFO | assembly_info_utils | fetch_wb_assembly_task_info | Получили статус запроса 200
2025-08-22 13:31:18 | INFO | assembly_info_utils | fetch_wb_assembly_task_info | Получили статус запроса 200
2025-08-22 13:31:19 | INFO | assembly_info_utils | fetch_wb_assembly_task_info | Получили статус запроса 200
2025-08-22 13:31:19 | INFO | assembly_info_utils | fetch_wb_assembly_task_info | Получили статус запроса 200
2025-08-22 13:31:19 | INFO | assembly_info_utils | fetch_wb_assembly_task_info | Получили статус запроса 200
2025-08-22 13:31:19 | INFO | assembly_info_utils | fetch_wb_assembly_task_info | Получили статус запроса 200
2025-08-22 13:31:19 | INFO | assembly_info_utils | fetch_wb_assembly_task_info | Получили статус запроса 200
2025-08-22 13:31:19 | INFO | assembly_info_utils | fetch_wb_assembly_task_info | Получили статус запроса 200
2025-08-22 13:31:19 | INFO | assembly_info_utils | fetch_wb_assembly_task_info | Получили статус запроса 200
2025-08-22 13:31:19 | INFO | assembly_info_utils | fetch_wb_assembly_task_info | Получили статус запроса 200
2025-08-22 13:31:19 | INFO | assembly_info_utils | fetch_wb_assembly_task_info | Получили статус запроса 200
2025-08-22 13:31:19 | INFO | assembly_info_utils | fetch_wb_assembly_task_info | Получили статус запроса 200
2025-08-22 13:31:19 | INFO | assembly_info_utils | fetch_wb_assembly_task_info | Получили статус запроса 200
2025-08-22 13:31:19 | INFO | assembly_info_utils | fetch_wb_assembly_task_info | Получили статус запроса 200
2025-08-22 13:31:19 | INFO | assembly_info_utils | fetch_wb_assembly_task_info | Получили статус запроса 200
2025-08-22 13:31:19 | INFO | assembly_info_utils | fetch_wb_assembly_task_info | Получили статус запроса 200
2025-08-22 13:31:20 | INFO | assembly_info_utils | fetch_wb_assembly_task_info | Получили статус запроса 200
2025-08-22 13:31:20 | INFO | assembly_info_utils | fetch_wb_assembly_task_info | Получили статус запроса 200
2025-08-22 13:31:20 | INFO | assembly_info_utils | fetch_wb_assembly_task_info | Получили статус запроса 200
2025-08-22 13:31:20 | INFO | assembly_info_utils | fetch_wb_assembly_task_info | Получили статус запроса 200
2025-08-22 13:31:20 | INFO | assembly_info_utils | fetch_wb_assembly_task_info | Получили статус запроса 200
2025-08-22 13:31:20 | INFO | assembly_info_utils | fetch_wb_assembly_task_info | Получили статус запроса 200
2025-08-22 13:31:20 | INFO | assembly_info_utils | fetch_wb_assembly_task_info | Получили статус запроса 200
2025-08-22 13:31:20 | INFO | assembly_info_utils | fetch_wb_assembly_task_info | Получили статус запроса 200
2025-08-22 13:31:20 | INFO | assembly_info_utils | fetch_wb_assembly_task_info | Получили статус запроса 200
2025-08-22 13:31:20 | INFO | assembly_info_utils | fetch_wb_assembly_task_info | Получили статус запроса 200
2025-08-22 13:31:20 | INFO | assembly_info_utils | fetch_wb_assembly_task_info | Получили статус запроса 200
2025-08-22 13:31:20 | INFO | assembly_info_utils | fetch_wb_assembly_task_info | Получили статус запроса 200
2025-08-22 13:31:20 | INFO | assembly_info_utils | fetch_wb_assembly_task_info | Получили статус запроса 200
2025-08-22 13:31:21 | INFO | assembly_info_utils | fetch_wb_assembly_task_info | Получили статус запроса 200
2025-08-22 13:31:21 | INFO | assembly_info_utils | fetch_wb_assembly_task_info | Получили статус запроса 200
2025-08-22 13:31:21 | INFO | assembly_info_utils | fetch_wb_assembly_task_info | Получили статус запроса 200
2025-08-22 13:31:21 | INFO | assembly_info_utils | fetch_wb_assembly_task_info | Получили статус запроса 200
2025-08-22 13:31:21 | INFO | assembly_info_utils | fetch_wb_assembly_task_info | Получили статус запроса 200
2025-08-22 13:31:21 | INFO | assembly_info_utils | fetch_wb_assembly_task_info | Получили статус запроса 200
2025-08-22 13:31:21 | INFO | assembly_info_utils | fetch_wb_assembly_task_info | Получили статус запроса 200
2025-08-22 13:31:21 | INFO | assembly_info_utils | fetch_wb_assembly_task_info | Получили статус запроса 200
2025-08-22 13:31:21 | INFO | assembly_info_utils | fetch_wb_assembly_task_info | Получили статус запроса 200
2025-08-22 13:31:21 | INFO | assembly_info_utils | fetch_wb_assembly_task_info | Получили статус запроса 200
2025-08-22 13:31:22 | INFO | assembly_info_utils | fetch_wb_assembly_task_info | Получили статус запроса 200
2025-08-22 13:31:22 | INFO | assembly_info_utils | fetch_wb_assembly_task_info | Получили статус запроса 200
2025-08-22 13:31:23 | INFO | assembly_info_utils | fetch_wb_assembly_task_info | Получили статус запроса 200
2025-08-22 13:31:23 | INFO | assembly_info_utils | fetch_wb_assembly_task_info | Получили статус запроса 200
2025-08-22 13:41:11 | INFO | __main__ | <module> | Планировщик запущен. Следующий запуск через 5 минут.
2025-08-22 13:46:11 | INFO | __main__ | job | Запуск задачи: сбор данных о сборочных заданиях
2025-08-22 13:46:12 | INFO | assembly_info_utils | fetch_wb_assembly_task_info | Получили статус запроса 200
2025-08-22 13:46:12 | INFO | assembly_info_utils | fetch_wb_assembly_task_info | Получили статус запроса 200
2025-08-22 13:46:12 | INFO | assembly_info_utils | fetch_wb_assembly_task_info | Получили статус запроса 200
2025-08-22 13:46:12 | INFO | assembly_info_utils | fetch_wb_assembly_task_info | Получили статус запроса 200
2025-08-22 13:46:12 | INFO | assembly_info_utils | fetch_wb_assembly_task_info | Получили статус запроса 200
2025-08-22 13:46:12 | INFO | assembly_info_utils | fetch_wb_assembly_task_info | Получили статус запроса 200
2025-08-22 13:46:12 | INFO | assembly_info_utils | fetch_wb_assembly_task_info | Получили статус запроса 200
2025-08-22 13:46:12 | INFO | assembly_info_utils | fetch_wb_assembly_task_info | Получили статус запроса 200
2025-08-22 13:46:12 | INFO | assembly_info_utils | fetch_wb_assembly_task_info | Получили статус запроса 200
2025-08-22 13:46:13 | INFO | assembly_info_utils | fetch_wb_assembly_task_info | Получили статус запроса 200
2025-08-22 13:46:13 | INFO | assembly_info_utils | fetch_wb_assembly_task_info | Получили статус запроса 200
2025-08-22 13:46:13 | INFO | assembly_info_utils | fetch_wb_assembly_task_info | Получили статус запроса 200
2025-08-22 13:46:13 | INFO | assembly_info_utils | fetch_wb_assembly_task_info | Получили статус запроса 200
2025-08-22 13:46:13 | INFO | assembly_info_utils | fetch_wb_assembly_task_info | Получили статус запроса 200
2025-08-22 13:46:13 | INFO | assembly_info_utils | fetch_wb_assembly_task_info | Получили статус запроса 200
2025-08-22 13:46:13 | INFO | assembly_info_utils | fetch_wb_assembly_task_info | Получили статус запроса 200
2025-08-22 13:46:13 | INFO | assembly_info_utils | fetch_wb_assembly_task_info | Получили статус запроса 200
2025-08-22 13:46:13 | INFO | assembly_info_utils | fetch_wb_assembly_task_info | Получили статус запроса 200
2025-08-22 13:46:13 | INFO | assembly_info_utils | fetch_wb_assembly_task_info | Получили статус запроса 200
2025-08-22 13:46:14 | INFO | assembly_info_utils | fetch_wb_assembly_task_info | Получили статус запроса 200
2025-08-22 13:46:14 | INFO | assembly_info_utils | fetch_wb_assembly_task_info | Получили статус запроса 200
2025-08-22 13:46:14 | INFO | assembly_info_utils | fetch_wb_assembly_task_info | Получили статус запроса 200
2025-08-22 13:46:14 | INFO | assembly_info_utils | fetch_wb_assembly_task_info | Получили статус запроса 200
2025-08-22 13:46:14 | INFO | assembly_info_utils | fetch_wb_assembly_task_info | Получили статус запроса 200
2025-08-22 13:46:14 | INFO | assembly_info_utils | fetch_wb_assembly_task_info | Получили статус запроса 200
2025-08-22 13:46:14 | INFO | assembly_info_utils | fetch_wb_assembly_task_info | Получили статус запроса 200
2025-08-22 13:46:14 | INFO | assembly_info_utils | fetch_wb_assembly_task_info | Получили статус запроса 200
2025-08-22 13:46:14 | INFO | assembly_info_utils | fetch_wb_assembly_task_info | Получили статус запроса 200
2025-08-22 13:46:14 | INFO | assembly_info_utils | fetch_wb_assembly_task_info | Получили статус запроса 200
2025-08-22 13:46:14 | INFO | assembly_info_utils | fetch_wb_assembly_task_info | Получили статус запроса 200
2025-08-22 13:46:14 | INFO | assembly_info_utils | fetch_wb_assembly_task_info | Получили статус запроса 200
2025-08-22 13:46:15 | INFO | assembly_info_utils | fetch_wb_assembly_task_info | Получили статус запроса 200
2025-08-22 13:46:15 | INFO | assembly_info_utils | fetch_wb_assembly_task_info | Получили статус запроса 200
2025-08-22 13:46:15 | INFO | assembly_info_utils | fetch_wb_assembly_task_info | Получили статус запроса 200
2025-08-22 13:46:15 | INFO | assembly_info_utils | fetch_wb_assembly_task_info | Получили статус запроса 200
2025-08-22 13:46:15 | INFO | assembly_info_utils | fetch_wb_assembly_task_info | Получили статус запроса 200
2025-08-22 13:46:15 | INFO | assembly_info_utils | fetch_wb_assembly_task_info | Получили статус запроса 200
2025-08-22 13:46:15 | INFO | assembly_info_utils | fetch_wb_assembly_task_info | Получили статус запроса 200
2025-08-22 13:46:15 | INFO | assembly_info_utils | fetch_wb_assembly_task_info | Получили статус запроса 200
2025-08-22 13:46:15 | INFO | assembly_info_utils | fetch_wb_assembly_task_info | Получили статус запроса 200
2025-08-22 13:46:15 | INFO | assembly_info_utils | fetch_wb_assembly_task_info | Получили статус запроса 200
2025-08-22 13:46:15 | INFO | assembly_info_utils | fetch_wb_assembly_task_info | Получили статус запроса 200
2025-08-22 13:46:15 | INFO | assembly_info_utils | fetch_wb_assembly_task_info | Получили статус запроса 200
2025-08-22 13:46:16 | INFO | assembly_info_utils | fetch_wb_assembly_task_info | Получили статус запроса 200
2025-08-22 13:46:16 | INFO | assembly_info_utils | fetch_wb_assembly_task_info | Получили статус запроса 200
2025-08-22 13:46:16 | INFO | assembly_info_utils | fetch_wb_assembly_task_info | Получили статус запроса 200
2025-08-22 13:46:16 | INFO | assembly_info_utils | fetch_wb_assembly_task_info | Получили статус запроса 200
2025-08-22 13:46:16 | INFO | assembly_info_utils | fetch_wb_assembly_task_info | Получили статус запроса 200
2025-08-22 13:46:16 | INFO | assembly_info_utils | fetch_wb_assembly_task_info | Получили статус запроса 200
2025-08-22 13:46:16 | INFO | assembly_info_utils | fetch_wb_assembly_task_info | Получили статус запроса 200
2025-08-22 13:46:16 | INFO | assembly_info_utils | fetch_wb_assembly_task_info | Получили статус запроса 200
2025-08-22 13:46:16 | INFO | assembly_info_utils | fetch_wb_assembly_task_info | Получили статус запроса 200
2025-08-22 13:46:16 | INFO | assembly_info_utils | fetch_wb_assembly_task_info | Получили статус запроса 200
2025-08-22 13:46:16 | INFO | assembly_info_utils | fetch_wb_assembly_task_info | Получили статус запроса 200
2025-08-22 13:46:17 | INFO | assembly_info_utils | fetch_wb_assembly_task_info | Получили статус запроса 200
2025-08-22 13:46:17 | INFO | assembly_info_utils | fetch_wb_assembly_task_info | Получили статус запроса 200
2025-08-22 13:46:17 | INFO | assembly_info_utils | fetch_wb_assembly_task_info | Получили статус запроса 200
2025-08-22 13:46:17 | INFO | assembly_info_utils | fetch_wb_assembly_task_info | Получили статус запроса 200
2025-08-22 13:46:17 | INFO | assembly_info_utils | fetch_wb_assembly_task_info | Получили статус запроса 200
2025-08-22 13:46:17 | INFO | assembly_info_utils | fetch_wb_assembly_task_info | Получили статус запроса 200
2025-08-22 13:46:17 | INFO | assembly_info_utils | fetch_wb_assembly_task_info | Получили статус запроса 200
2025-08-22 13:46:17 | INFO | assembly_info_utils | fetch_wb_assembly_task_info | Получили статус запроса 200
2025-08-22 13:46:17 | INFO | assembly_info_utils | fetch_wb_assembly_task_info | Получили статус запроса 200
2025-08-22 13:46:17 | INFO | assembly_info_utils | fetch_wb_assembly_task_info | Получили статус запроса 200
2025-08-22 13:46:18 | INFO | assembly_info_utils | fetch_wb_assembly_task_info | Получили статус запроса 200
2025-08-22 13:46:18 | INFO | assembly_info_utils | fetch_wb_assembly_task_info | Получили статус запроса 200
2025-08-22 13:46:18 | INFO | assembly_info_utils | fetch_wb_assembly_task_info | Получили статус запроса 200
2025-08-22 13:46:18 | INFO | assembly_info_utils | fetch_wb_assembly_task_info | Получили статус запроса 200
2025-08-22 13:46:18 | INFO | assembly_info_utils | fetch_wb_assembly_task_info | Получили статус запроса 200
2025-08-22 13:46:18 | INFO | assembly_info_utils | fetch_wb_assembly_task_info | Получили статус запроса 200
2025-08-22 13:46:18 | INFO | assembly_info_utils | fetch_wb_assembly_task_info | Получили статус запроса 200
2025-08-22 13:46:18 | INFO | assembly_info_utils | fetch_wb_assembly_task_info | Получили статус запроса 200
2025-08-22 13:46:18 | INFO | assembly_info_utils | fetch_wb_assembly_task_info | Получили статус запроса 200
2025-08-22 13:46:18 | INFO | assembly_info_utils | fetch_wb_assembly_task_info | Получили статус запроса 200
2025-08-22 13:46:18 | INFO | assembly_info_utils | fetch_wb_assembly_task_info | Получили статус запроса 200
2025-08-22 13:46:18 | INFO | assembly_info_utils | fetch_wb_assembly_task_info | Получили статус запроса 200
2025-08-22 13:46:18 | INFO | assembly_info_utils | fetch_wb_assembly_task_info | Получили статус запроса 200
2025-08-22 13:46:18 | INFO | assembly_info_utils | fetch_wb_assembly_task_info | Получили статус запроса 200
2025-08-22 13:46:19 | INFO | assembly_info_utils | fetch_wb_assembly_task_info | Получили статус запроса 200
2025-08-22 13:46:19 | INFO | assembly_info_utils | fetch_wb_assembly_task_info | Получили статус запроса 200
2025-08-22 13:46:19 | INFO | assembly_info_utils | fetch_wb_assembly_task_info | Получили статус запроса 200
2025-08-22 13:46:19 | INFO | assembly_info_utils | fetch_wb_assembly_task_info | Получили статус запроса 200
2025-08-22 13:46:19 | INFO | assembly_info_utils | fetch_wb_assembly_task_info | Получили статус запроса 200
2025-08-22 13:46:19 | INFO | assembly_info_utils | fetch_wb_assembly_task_info | Получили статус запроса 200
2025-08-22 13:46:19 | INFO | assembly_info_utils | fetch_wb_assembly_task_info | Получили статус запроса 200
2025-08-22 13:46:19 | INFO | assembly_info_utils | fetch_wb_assembly_task_info | Получили статус запроса 200
2025-08-22 13:46:19 | INFO | assembly_info_utils | fetch_wb_assembly_task_info | Получили статус запроса 200
2025-08-22 13:46:19 | INFO | assembly_info_utils | fetch_wb_assembly_task_info | Получили статус запроса 200
2025-08-22 13:46:19 | INFO | assembly_info_utils | fetch_wb_assembly_task_info | Получили статус запроса 200
2025-08-22 13:46:19 | INFO | assembly_info_utils | fetch_wb_assembly_task_info | Получили статус запроса 200
2025-08-22 13:46:19 | INFO | assembly_info_utils | fetch_wb_assembly_task_info | Получили статус запроса 200
2025-08-22 13:46:20 | INFO | assembly_info_utils | fetch_wb_assembly_task_info | Получили статус запроса 200
2025-08-22 13:46:20 | INFO | assembly_info_utils | fetch_wb_assembly_task_info | Получили статус запроса 200
2025-08-22 13:46:20 | INFO | assembly_info_utils | fetch_wb_assembly_task_info | Получили статус запроса 200
2025-08-22 13:46:20 | INFO | assembly_info_utils | fetch_wb_assembly_task_info | Получили статус запроса 200
2025-08-22 13:46:20 | INFO | assembly_info_utils | fetch_wb_assembly_task_info | Получили статус запроса 200
2025-08-22 13:46:20 | INFO | assembly_info_utils | fetch_wb_assembly_task_info | Получили статус запроса 200
2025-08-22 13:46:20 | INFO | assembly_info_utils | fetch_wb_assembly_task_info | Получили статус запроса 200
2025-08-22 13:46:20 | INFO | assembly_info_utils | fetch_wb_assembly_task_info | Получили статус запроса 200
2025-08-22 13:46:20 | INFO | assembly_info_utils | fetch_wb_assembly_task_info | Получили статус запроса 200
2025-08-22 13:46:20 | INFO | assembly_info_utils | fetch_wb_assembly_task_info | Получили статус запроса 200
2025-08-22 13:46:20 | INFO | assembly_info_utils | fetch_wb_assembly_task_info | Получили статус запроса 200
2025-08-22 13:46:20 | INFO | assembly_info_utils | fetch_wb_assembly_task_info | Получили статус запроса 200
2025-08-22 13:46:20 | INFO | assembly_info_utils | fetch_wb_assembly_task_info | Получили статус запроса 200
2025-08-22 13:46:20 | INFO | assembly_info_utils | fetch_wb_assembly_task_info | Получили статус запроса 200
2025-08-22 13:46:21 | INFO | assembly_info_utils | fetch_wb_assembly_task_info | Получили статус запроса 200
2025-08-22 13:46:21 | INFO | assembly_info_utils | fetch_wb_assembly_task_info | Получили статус запроса 200
2025-08-22 13:46:21 | INFO | assembly_info_utils | fetch_wb_assembly_task_info | Получили статус запроса 200
2025-08-22 13:46:21 | INFO | assembly_info_utils | fetch_wb_assembly_task_info | Получили статус запроса 200
2025-08-22 13:46:21 | INFO | assembly_info_utils | fetch_wb_assembly_task_info | Получили статус запроса 200
2025-08-22 13:46:21 | INFO | assembly_info_utils | fetch_wb_assembly_task_info | Получили статус запроса 200
2025-08-22 13:46:21 | INFO | assembly_info_utils | fetch_wb_assembly_task_info | Получили статус запроса 200
2025-08-22 13:46:21 | INFO | assembly_info_utils | fetch_wb_assembly_task_info | Получили статус запроса 200
2025-08-22 13:46:21 | INFO | assembly_info_utils | fetch_wb_assembly_task_info | Получили статус запроса 200
2025-08-22 13:46:21 | INFO | assembly_info_utils | fetch_wb_assembly_task_info | Получили статус запроса 200
2025-08-22 13:46:22 | INFO | assembly_info_utils | fetch_wb_assembly_task_info | Получили статус запроса 200
2025-08-22 13:46:22 | INFO | assembly_info_utils | fetch_wb_assembly_task_info | Получили статус запроса 200
2025-08-22 13:46:22 | INFO | assembly_info_utils | fetch_wb_assembly_task_info | Получили статус запроса 200
2025-08-22 13:46:22 | INFO | assembly_info_utils | fetch_wb_assembly_task_info | Получили статус запроса 200
2025-08-22 13:46:22 | INFO | assembly_info_utils | fetch_wb_assembly_task_info | Получили статус запроса 200
2025-08-22 13:46:22 | INFO | assembly_info_utils | fetch_wb_assembly_task_info | Получили статус запроса 200
2025-08-22 13:46:23 | INFO | assembly_info_utils | fetch_wb_assembly_task_info | Получили статус запроса 200
2025-08-22 13:46:23 | INFO | assembly_info_utils | fetch_wb_assembly_task_info | Получили статус запроса 200
2025-08-22 13:46:23 | INFO | assembly_info_utils | fetch_wb_assembly_task_info | Получили статус запроса 200
2025-08-22 13:46:24 | INFO | assembly_info_utils | fetch_wb_assembly_task_info | Получили статус запроса 200
2025-08-22 13:46:24 | INFO | assembly_info_utils | fetch_wb_assembly_task_info | Получили статус запроса 200
2025-08-22 13:46:25 | INFO | assembly_info_utils | fetch_wb_assembly_task_info | Получили статус запроса 200
2025-08-22 13:46:25 | INFO | assembly_info_utils | fetch_wb_assembly_task_info | Получили статус запроса 200
2025-08-22 13:47:10 | INFO | __main__ | job | Задача завершена успешно
2025-08-22 13:47:42 | INFO | __main__ | <module> | Планировщик запущен. Следующий запуск через 5 минут.
